Determining if the QueryPerformanceCounter exist failed with the following output:
Change Dir: /home/jay/Hubble/CMakeFiles/CMakeTmp

Run Build Command:"/usr/bin/make" "cmTC_2a572/fast"
/usr/bin/make -f CMakeFiles/cmTC_2a572.dir/build.make CMakeFiles/cmTC_2a572.dir/build
make[1]: Entering directory '/home/jay/Hubble/CMakeFiles/CMakeTmp'
Building C object CMakeFiles/cmTC_2a572.dir/CheckSymbolExists.c.o
/usr/bin/cc -D_POSIX_C_SOURCE=199309L   -o CMakeFiles/cmTC_2a572.dir/CheckSymbolExists.c.o   -c /home/jay/Hubble/CMakeFiles/CMakeTmp/CheckSymbolExists.c
/home/jay/Hubble/CMakeFiles/CMakeTmp/CheckSymbolExists.c:2:10: fatal error: windows.h: No such file or directory
 #include <windows.h>
          ^~~~~~~~~~~
compilation terminated.
make[1]: *** [CMakeFiles/cmTC_2a572.dir/build.make:66: CMakeFiles/cmTC_2a572.dir/CheckSymbolExists.c.o] Error 1
make[1]: Leaving directory '/home/jay/Hubble/CMakeFiles/CMakeTmp'
make: *** [Makefile:121: cmTC_2a572/fast] Error 2

File /home/jay/Hubble/CMakeFiles/CMakeTmp/CheckSymbolExists.c:
/* */
#include <windows.h>

int main(int argc, char** argv)
{
  (void)argv;
#ifndef QueryPerformanceCounter
  return ((int*)(&QueryPerformanceCounter))[argc];
#else
  (void)argc;
  return 0;
#endif
}

Determining if the pthread_create exist failed with the following output:
Change Dir: /home/jay/Hubble/CMakeFiles/CMakeTmp

Run Build Command:"/usr/bin/make" "cmTC_6ffe0/fast"
/usr/bin/make -f CMakeFiles/cmTC_6ffe0.dir/build.make CMakeFiles/cmTC_6ffe0.dir/build
make[1]: Entering directory '/home/jay/Hubble/CMakeFiles/CMakeTmp'
Building C object CMakeFiles/cmTC_6ffe0.dir/CheckSymbolExists.c.o
/usr/bin/cc    -o CMakeFiles/cmTC_6ffe0.dir/CheckSymbolExists.c.o   -c /home/jay/Hubble/CMakeFiles/CMakeTmp/CheckSymbolExists.c
Linking C executable cmTC_6ffe0
/usr/bin/cmake -E cmake_link_script CMakeFiles/cmTC_6ffe0.dir/link.txt --verbose=1
/usr/bin/cc      -rdynamic CMakeFiles/cmTC_6ffe0.dir/CheckSymbolExists.c.o  -o cmTC_6ffe0 
/usr/bin/ld: CMakeFiles/cmTC_6ffe0.dir/CheckSymbolExists.c.o: in function `main':
CheckSymbolExists.c:(.text+0x38): undefined reference to `pthread_create'
collect2: error: ld returned 1 exit status
make[1]: *** [CMakeFiles/cmTC_6ffe0.dir/build.make:87: cmTC_6ffe0] Error 1
make[1]: Leaving directory '/home/jay/Hubble/CMakeFiles/CMakeTmp'
make: *** [Makefile:121: cmTC_6ffe0/fast] Error 2

File /home/jay/Hubble/CMakeFiles/CMakeTmp/CheckSymbolExists.c:
/* */
#include <pthread.h>

int main(int argc, char** argv)
{
  (void)argv;
#ifndef pthread_create
  return ((int*)(&pthread_create))[argc];
#else
  (void)argc;
  return 0;
#endif
}

Determining if the function pthread_create exists in the pthreads failed with the following output:
Change Dir: /home/jay/Hubble/CMakeFiles/CMakeTmp

Run Build Command:"/usr/bin/make" "cmTC_21d28/fast"
/usr/bin/make -f CMakeFiles/cmTC_21d28.dir/build.make CMakeFiles/cmTC_21d28.dir/build
make[1]: Entering directory '/home/jay/Hubble/CMakeFiles/CMakeTmp'
Building C object CMakeFiles/cmTC_21d28.dir/CheckFunctionExists.c.o
/usr/bin/cc   -DCHECK_FUNCTION_EXISTS=pthread_create   -o CMakeFiles/cmTC_21d28.dir/CheckFunctionExists.c.o   -c /usr/share/cmake-3.13/Modules/CheckFunctionExists.c
Linking C executable cmTC_21d28
/usr/bin/cmake -E cmake_link_script CMakeFiles/cmTC_21d28.dir/link.txt --verbose=1
/usr/bin/cc  -DCHECK_FUNCTION_EXISTS=pthread_create    -rdynamic CMakeFiles/cmTC_21d28.dir/CheckFunctionExists.c.o  -o cmTC_21d28 -lpthreads 
/usr/bin/ld: cannot find -lpthreads
collect2: error: ld returned 1 exit status
make[1]: *** [CMakeFiles/cmTC_21d28.dir/build.make:87: cmTC_21d28] Error 1
make[1]: Leaving directory '/home/jay/Hubble/CMakeFiles/CMakeTmp'
make: *** [Makefile:121: cmTC_21d28/fast] Error 2


